-------------------------------------------------------------------------------
Test set: Test_Add_Product_To_Cart
-------------------------------------------------------------------------------
Tests run: 12, Failures: 0, Errors: 2, Skipped: 0, Time elapsed: 48.717 s <<< FAILURE! - in Test_Add_Product_To_Cart
checkLoginButton  Time elapsed: 0.018 s  <<< ERROR!
java.lang.NullPointerException: Cannot invoke "SignUpPage.checkLoginButton()" because "this.signUpPage" is null
	at Test_Add_Product_To_Cart.checkLoginButton(Test_Add_Product_To_Cart.java:77)

checkCartIsEmpty  Time elapsed: 0.085 s  <<< ERROR!
org.openqa.selenium.NoSuchElementException: 
no such element: Unable to locate element: {"method":"xpath","selector":"/html/body/div[2]/header/div/div/div[3]/div[3]/div/div/div[2]/span"}
  (Session info: MicrosoftEdge=107.0.1418.56)
For documentation on this error, please visit: https://selenium.dev/exceptions/#no_such_element
Build info: version: '4.6.0', revision: '79f1c02ae20'
System info: os.name: 'Windows 10', os.arch: 'amd64', os.version: '10.0', java.version: '15.0.2'
Driver info: org.openqa.selenium.edge.EdgeDriver
Command: [f4331051c9663a40788f94fb9c2bca79, findElement {using=xpath, value=/html/body/div[2]/header/div/div/div[3]/div[3]/div/div/div[2]/span}]
Capabilities {acceptInsecureCerts: false, browserName: msedge, browserVersion: 107.0.1418.56, ms:edgeOptions: {debuggerAddress: localhost:50245}, msedge: {msedgedriverVersion: 107.0.1418.56 (5b47a5c50066..., userDataDir: C:\Users\zeyne\AppData\Loca...}, networkConnectionEnabled: false, pageLoadStrategy: normal, platformName: WINDOWS, proxy: Proxy(), se:cdp: ws://localhost:50245/devtoo..., se:cdpVersion: 107.0.1418.56, setWindowRect: true, strictFileInteractability: false, timeouts: {implicit: 0, pageLoad: 300000, script: 30000}, unhandledPromptBehavior: dismiss and notify, webauthn:extension:credBlob: true, webauthn:extension:largeBlob: true, webauthn:virtualAuthenticators: true}
Session ID: f4331051c9663a40788f94fb9c2bca79
	at Test_Add_Product_To_Cart.checkCartIsEmpty(Test_Add_Product_To_Cart.java:103)

